[02-May-2025 14:53:41 UTC] [ERROR] Invalid request
[02-May-2025 14:55:02 UTC] [ERROR] Invalid request
[02-May-2025 15:00:56 UTC] [ERROR] Invalid request
[02-May-2025 15:01:22 UTC] [ERROR] Invalid request
[02-May-2025 15:03:43 UTC] [ERROR] Invalid request
[02-May-2025 15:04:57 UTC] [ERROR] Invalid request
[02-May-2025 15:08:04 UTC] [ERROR] Invalid request
[02-May-2025 15:09:00 UTC] [ERROR] Invalid request
[02-May-2025 18:02:10 UTC] [ERROR] Unknown database 'sbs3'
[02-May-2025 18:02:13 UTC] [ERROR] Unknown database 'sbs3'
[02-May-2025 18:02:13 UTC] [ERROR] Unknown database 'sbs3'
[02-May-2025 18:02:13 UTC] [ERROR] Unknown database 'sbs3'
[02-May-2025 18:02:13 UTC] [ERROR] Unknown database 'sbs3'
[02-May-2025 18:02:13 UTC] [ERROR] Unknown database 'sbs3'
[02-May-2025 18:02:13 UTC] [ERROR] Unknown database 'sbs3'
[02-May-2025 18:40:44 UTC] [ERROR] Unknown database 'sbs3'
[02-May-2025 18:40:45 UTC] [ERROR] Unknown database 'sbs3'
[02-May-2025 18:40:58 UTC] [ERROR] Unknown database 'sbs3'
[02-May-2025 18:46:32 UTC] [ERROR] Unknown database 'sbs3'
[02-May-2025 18:46:34 UTC] [ERROR] Unknown database 'sbs3'
[02-May-2025 18:46:54 UTC] [ERROR] Unknown database 'sbs3'
[02-May-2025 18:56:10 UTC] [ERROR] Unknown database 'sbs3'
[02-May-2025 18:56:10 UTC] [ERROR] Unknown database 'sbs3'
[02-May-2025 18:56:14 UTC] [ERROR] Unknown database 'sbs3'
[02-May-2025 18:56:42 UTC] [ERROR] Unknown database 'sbs3'
[02-May-2025 18:56:42 UTC] [ERROR] Unknown database 'sbs3'
[02-May-2025 18:56:49 UTC] [ERROR] Unknown database 'sbs3'
[02-May-2025 18:57:17 UTC] [ERROR] Unknown database 'sbs3'
[02-May-2025 18:57:20 UTC] [ERROR] Unknown database 'sbs3'
[02-May-2025 18:57:28 UTC] [ERROR] Unknown database 'sbs3'
[02-May-2025 18:58:04 UTC] [ERROR] Unknown database 'sbs3'
[02-May-2025 18:58:04 UTC] [ERROR] Unknown database 'sbs3'
[02-May-2025 18:58:18 UTC] [ERROR] Unknown database 'sbs3'
[02-May-2025 18:58:29 UTC] [ERROR] Unknown database 'sbs3'
[02-May-2025 18:58:29 UTC] [ERROR] Unknown database 'sbs3'
[02-May-2025 18:58:46 UTC] [ERROR] Unknown database 'sbs3'
[03-May-2025 12:07:40 UTC] PHP Fatal error:  Constant expression contains invalid operations in C:\Users\Sanity\Documents\GitHub\sbs3\backend\config\database.php on line 3
[03-May-2025 12:07:40 UTC] PHP Stack trace:
[03-May-2025 12:07:40 UTC] PHP   1. {main}() C:\Users\Sanity\Documents\GitHub\sbs3\backend\api.php:0
[03-May-2025 12:07:40 UTC] PHP Fatal error:  Constant expression contains invalid operations in C:\Users\Sanity\Documents\GitHub\sbs3\backend\config\database.php on line 3
[03-May-2025 12:07:40 UTC] PHP Stack trace:
[03-May-2025 12:07:40 UTC] PHP   1. {main}() C:\Users\Sanity\Documents\GitHub\sbs3\backend\api.php:0
[03-May-2025 12:07:44 UTC] PHP Fatal error:  Constant expression contains invalid operations in C:\Users\Sanity\Documents\GitHub\sbs3\backend\config\database.php on line 3
[03-May-2025 12:07:44 UTC] PHP Stack trace:
[03-May-2025 12:07:44 UTC] PHP   1. {main}() C:\Users\Sanity\Documents\GitHub\sbs3\backend\api.php:0
[03-May-2025 12:07:44 UTC] PHP Fatal error:  Constant expression contains invalid operations in C:\Users\Sanity\Documents\GitHub\sbs3\backend\config\database.php on line 3
[03-May-2025 12:07:44 UTC] PHP Stack trace:
[03-May-2025 12:07:44 UTC] PHP   1. {main}() C:\Users\Sanity\Documents\GitHub\sbs3\backend\api.php:0
[03-May-2025 12:08:12 UTC] PHP Fatal error:  Constant expression contains invalid operations in C:\Users\Sanity\Documents\GitHub\sbs3\backend\config\database.php on line 3
[03-May-2025 12:08:12 UTC] PHP Stack trace:
[03-May-2025 12:08:12 UTC] PHP   1. {main}() C:\Users\Sanity\Documents\GitHub\sbs3\backend\api.php:0
[03-May-2025 12:08:12 UTC] PHP Fatal error:  Constant expression contains invalid operations in C:\Users\Sanity\Documents\GitHub\sbs3\backend\config\database.php on line 3
[03-May-2025 12:08:12 UTC] PHP Stack trace:
[03-May-2025 12:08:12 UTC] PHP   1. {main}() C:\Users\Sanity\Documents\GitHub\sbs3\backend\api.php:0
[03-May-2025 12:08:17 UTC] PHP Fatal error:  Constant expression contains invalid operations in C:\Users\Sanity\Documents\GitHub\sbs3\backend\config\database.php on line 3
[03-May-2025 12:08:17 UTC] PHP Stack trace:
[03-May-2025 12:08:17 UTC] PHP   1. {main}() C:\Users\Sanity\Documents\GitHub\sbs3\backend\api.php:0
[03-May-2025 12:08:32 UTC] PHP Fatal error:  Constant expression contains invalid operations in C:\Users\Sanity\Documents\GitHub\sbs3\backend\config\database.php on line 3
[03-May-2025 12:08:32 UTC] PHP Stack trace:
[03-May-2025 12:08:32 UTC] PHP   1. {main}() C:\Users\Sanity\Documents\GitHub\sbs3\backend\api.php:0
[03-May-2025 12:23:32 UTC] [ERROR] Invalid request
[03-May-2025 12:23:32 UTC] [ERROR] Invalid request
[03-May-2025 13:21:58 UTC] [ERROR] Endpoint not found
[03-May-2025 13:21:58 UTC] [ERROR] Endpoint not found
[03-May-2025 13:26:15 UTC] [ERROR] Endpoint not found
[03-May-2025 13:26:15 UTC] [ERROR] Endpoint not found
[03-May-2025 13:36:14 UTC] [ERROR] Endpoint not found
[03-May-2025 13:36:14 UTC] [ERROR] Endpoint not found
[03-May-2025 13:36:57 UTC] [ERROR] Endpoint not found
[03-May-2025 13:37:02 UTC] [ERROR] Endpoint not found
[03-May-2025 13:37:22 UTC] [ERROR] Endpoint not found
[03-May-2025 13:37:22 UTC] [ERROR] Endpoint not found
[03-May-2025 13:38:05 UTC] [ERROR] Endpoint not found
[03-May-2025 13:38:05 UTC] [ERROR] Endpoint not found
[03-May-2025 13:38:29 UTC] [ERROR] Endpoint not found
[03-May-2025 13:38:29 UTC] [ERROR] Endpoint not found
[03-May-2025 13:38:55 UTC] [ERROR] Endpoint not found
[03-May-2025 13:38:58 UTC] [ERROR] Endpoint not found
[03-May-2025 13:38:58 UTC] [ERROR] Endpoint not found
[03-May-2025 13:41:42 UTC] [ERROR] Endpoint not found
[03-May-2025 13:43:04 UTC] [ERROR] Endpoint not found
[03-May-2025 13:43:06 UTC] [ERROR] Endpoint not found
[03-May-2025 13:43:06 UTC] [ERROR] Endpoint not found
[03-May-2025 13:44:06 UTC] [ERROR] Endpoint not found
[03-May-2025 13:44:06 UTC] [ERROR] Endpoint not found
[03-May-2025 13:44:17 UTC] [ERROR] Endpoint not found
[03-May-2025 13:44:17 UTC] [ERROR] Endpoint not found
[03-May-2025 13:45:20 UTC] [ERROR] Endpoint not found
[03-May-2025 13:45:20 UTC] [ERROR] Endpoint not found
[03-May-2025 13:46:07 UTC] [ERROR] Endpoint not found
[03-May-2025 13:46:07 UTC] [ERROR] Endpoint not found
[03-May-2025 13:47:16 UTC] [ERROR] Endpoint not found
[03-May-2025 13:47:16 UTC] [ERROR] Endpoint not found
[03-May-2025 13:48:42 UTC] [ERROR] Endpoint not found
[03-May-2025 13:48:42 UTC] [ERROR] Endpoint not found
[03-May-2025 13:50:27 UTC] [ERROR] Endpoint not found
[03-May-2025 13:50:27 UTC] [ERROR] Endpoint not found
[03-May-2025 13:51:17 UTC] [ERROR] Endpoint not found
[03-May-2025 13:51:17 UTC] [ERROR] Endpoint not found
[03-May-2025 13:51:37 UTC] [ERROR] Endpoint not found
[03-May-2025 13:51:45 UTC] [ERROR] Endpoint not found
[03-May-2025 13:52:03 UTC] [ERROR] Endpoint not found
[03-May-2025 13:52:08 UTC] [ERROR] Endpoint not found
[03-May-2025 13:52:10 UTC] [ERROR] Endpoint not found
[03-May-2025 13:53:49 UTC] [ERROR] Endpoint not found
[03-May-2025 13:53:49 UTC] [ERROR] Endpoint not found
[03-May-2025 13:54:00 UTC] [ERROR] Endpoint not found
[03-May-2025 13:54:00 UTC] [ERROR] Endpoint not found
[03-May-2025 13:55:27 UTC] [ERROR] Endpoint not found
[03-May-2025 13:55:27 UTC] [ERROR] Endpoint not found
[03-May-2025 13:55:35 UTC] [ERROR] Endpoint not found
[03-May-2025 13:55:35 UTC] [ERROR] Endpoint not found
[03-May-2025 13:55:41 UTC] [ERROR] Endpoint not found
[03-May-2025 13:55:41 UTC] [ERROR] Endpoint not found
[03-May-2025 13:56:01 UTC] [ERROR] Endpoint not found
[03-May-2025 13:56:11 UTC] [ERROR] Endpoint not found
[03-May-2025 13:59:08 UTC] [ERROR] Endpoint not found
[03-May-2025 13:59:08 UTC] [ERROR] Endpoint not found
[03-May-2025 14:00:16 UTC] [ERROR] Endpoint not found
[03-May-2025 14:00:16 UTC] [ERROR] Endpoint not found
[03-May-2025 14:00:21 UTC] [ERROR] Endpoint not found
[03-May-2025 14:00:48 UTC] [ERROR] Endpoint not found
[03-May-2025 14:00:54 UTC] [ERROR] Endpoint not found
[03-May-2025 14:02:22 UTC] [ERROR] Endpoint not found
[03-May-2025 14:02:26 UTC] [ERROR] Endpoint not found
[03-May-2025 14:02:30 UTC] [ERROR] Endpoint not found
[03-May-2025 14:02:30 UTC] [ERROR] Endpoint not found
[03-May-2025 14:04:46 UTC] [ERROR] Method not allowed
[03-May-2025 14:06:44 UTC] [ERROR] Unknown column 'location' in 'field list'
[03-May-2025 14:06:44 UTC] [ERROR] Failed to create tournament
[03-May-2025 14:08:41 UTC] [ERROR] Unknown column 'location' in 'field list'
[03-May-2025 14:08:41 UTC] [ERROR] Failed to create tournament
[03-May-2025 14:10:18 UTC] [ERROR] Unknown column 'location' in 'field list'
[03-May-2025 14:10:18 UTC] [ERROR] Failed to create tournament
[03-May-2025 14:29:47 UTC] [ERROR] Unknown column 'role' in 'field list'
[03-May-2025 14:29:47 UTC] [ERROR] Failed to fetch users
[03-May-2025 14:29:47 UTC] [ERROR] Unknown column 'role' in 'field list'
[03-May-2025 14:29:47 UTC] [ERROR] Failed to fetch users
[03-May-2025 14:29:50 UTC] [ERROR] Unknown column 'role' in 'field list'
[03-May-2025 14:29:50 UTC] [ERROR] Failed to fetch users
[03-May-2025 14:29:50 UTC] [ERROR] Unknown column 'role' in 'field list'
[03-May-2025 14:29:50 UTC] [ERROR] Failed to fetch users
[03-May-2025 14:33:14 UTC] [ERROR] Unknown column 'role' in 'field list'
[03-May-2025 14:33:14 UTC] [ERROR] Unknown column 'role' in 'field list'
[03-May-2025 14:33:14 UTC] [ERROR] Failed to fetch users
[03-May-2025 14:33:14 UTC] [ERROR] Failed to fetch users
[03-May-2025 14:33:40 UTC] [ERROR] Unknown column 'role' in 'field list'
[03-May-2025 14:33:40 UTC] [ERROR] Unknown column 'role' in 'field list'
[03-May-2025 14:33:40 UTC] [ERROR] Failed to fetch users
[03-May-2025 14:33:40 UTC] [ERROR] Failed to fetch users
[03-May-2025 14:34:46 UTC] [ERROR] Unknown column 'role' in 'field list'
[03-May-2025 14:34:46 UTC] [ERROR] Failed to fetch users
[03-May-2025 14:34:46 UTC] [ERROR] Unknown column 'role' in 'field list'
[03-May-2025 14:34:46 UTC] [ERROR] Failed to fetch users
[03-May-2025 14:34:48 UTC] [ERROR] Unknown column 'role' in 'field list'
[03-May-2025 14:34:48 UTC] [ERROR] Unknown column 'role' in 'field list'
[03-May-2025 14:34:48 UTC] [ERROR] Failed to fetch users
[03-May-2025 14:34:48 UTC] [ERROR] Failed to fetch users
[03-May-2025 14:34:56 UTC] [ERROR] Unknown column 'role' in 'field list'
[03-May-2025 14:34:56 UTC] [ERROR] Failed to create user
[03-May-2025 14:35:02 UTC] [ERROR] Unknown column 'role' in 'field list'
[03-May-2025 14:35:02 UTC] [ERROR] Failed to create user
[03-May-2025 14:35:09 UTC] [ERROR] Unknown column 'role' in 'field list'
[03-May-2025 14:35:09 UTC] [ERROR] Failed to fetch users
[03-May-2025 14:35:09 UTC] [ERROR] Unknown column 'role' in 'field list'
[03-May-2025 14:35:09 UTC] [ERROR] Failed to fetch users
[03-May-2025 14:39:08 UTC] [ERROR] Unknown column 'role' in 'field list'
[03-May-2025 14:39:08 UTC] [ERROR] Unknown column 'role' in 'field list'
[03-May-2025 14:39:08 UTC] [ERROR] Failed to fetch users
[03-May-2025 14:39:08 UTC] [ERROR] Failed to fetch users
[03-May-2025 14:39:12 UTC] [ERROR] Column count doesn't match value count at row 1
[03-May-2025 14:39:12 UTC] [ERROR] Failed to create user
[03-May-2025 14:39:18 UTC] [ERROR] Unknown column 'role' in 'field list'
[03-May-2025 14:39:18 UTC] [ERROR] Unknown column 'role' in 'field list'
[03-May-2025 14:39:18 UTC] [ERROR] Failed to fetch users
[03-May-2025 14:39:18 UTC] [ERROR] Failed to fetch users
[03-May-2025 15:02:13 UTC] [ERROR] Duplicate entry 'aa@a.com' for key 'users.email'
[03-May-2025 15:02:13 UTC] [ERROR] Failed to create user
[03-May-2025 15:03:17 UTC] [ERROR] Duplicate entry 'aa@a.com' for key 'users.email'
[03-May-2025 15:03:17 UTC] [ERROR] Failed to create user
[03-May-2025 15:03:20 UTC] [ERROR] Duplicate entry 'aa@a.com' for key 'users.email'
[03-May-2025 15:03:20 UTC] [ERROR] Failed to create user
[03-May-2025 15:15:54 UTC] [ERROR] Endpoint not found
[03-May-2025 15:59:28 UTC] [ERROR] Missing required field: name
[03-May-2025 15:59:29 UTC] [ERROR] Missing required field: name
[03-May-2025 15:59:31 UTC] [ERROR] Missing required field: name
[03-May-2025 15:59:55 UTC] [ERROR] Missing required field: name
[03-May-2025 16:15:58 UTC] [ERROR] Missing required field: username
[03-May-2025 16:15:58 UTC] [ERROR] Missing required field: username
[03-May-2025 16:18:19 UTC] [ERROR] Duplicate entry 'test_1746289099399@example.com' for key 'users.email'
[03-May-2025 16:18:19 UTC] [ERROR] Failed to create user
[03-May-2025 17:28:08 UTC] PHP Warning:  Undefined property: UserController::$conn in C:\Users\Sanity\Documents\GitHub\sbs3\backend\controllers\UserController.php on line 71
[03-May-2025 17:28:08 UTC] PHP Stack trace:
[03-May-2025 17:28:08 UTC] PHP   1. {main}() C:\Users\Sanity\Documents\GitHub\sbs3\backend\api.php:0
[03-May-2025 17:28:08 UTC] PHP   2. UserController->handleRequest() C:\Users\Sanity\Documents\GitHub\sbs3\backend\api.php:75
[03-May-2025 17:28:08 UTC] PHP   3. UserController->handlePost() C:\Users\Sanity\Documents\GitHub\sbs3\backend\controllers\UserController.php:22
[03-May-2025 17:28:08 UTC] PHP Fatal error:  Uncaught Error: Call to a member function prepare() on null in C:\Users\Sanity\Documents\GitHub\sbs3\backend\controllers\UserController.php:71
Stack trace:
#0 C:\Users\Sanity\Documents\GitHub\sbs3\backend\controllers\UserController.php(22): UserController->handlePost()
#1 C:\Users\Sanity\Documents\GitHub\sbs3\backend\api.php(75): UserController->handleRequest()
#2 {main}
  thrown in C:\Users\Sanity\Documents\GitHub\sbs3\backend\controllers\UserController.php on line 71
[03-May-2025 17:28:19 UTC] PHP Warning:  Undefined property: UserController::$conn in C:\Users\Sanity\Documents\GitHub\sbs3\backend\controllers\UserController.php on line 71
[03-May-2025 17:28:19 UTC] PHP Stack trace:
[03-May-2025 17:28:19 UTC] PHP   1. {main}() C:\Users\Sanity\Documents\GitHub\sbs3\backend\api.php:0
[03-May-2025 17:28:19 UTC] PHP   2. UserController->handleRequest() C:\Users\Sanity\Documents\GitHub\sbs3\backend\api.php:75
[03-May-2025 17:28:19 UTC] PHP   3. UserController->handlePost() C:\Users\Sanity\Documents\GitHub\sbs3\backend\controllers\UserController.php:22
[03-May-2025 17:28:19 UTC] PHP Fatal error:  Uncaught Error: Call to a member function prepare() on null in C:\Users\Sanity\Documents\GitHub\sbs3\backend\controllers\UserController.php:71
Stack trace:
#0 C:\Users\Sanity\Documents\GitHub\sbs3\backend\controllers\UserController.php(22): UserController->handlePost()
#1 C:\Users\Sanity\Documents\GitHub\sbs3\backend\api.php(75): UserController->handleRequest()
#2 {main}
  thrown in C:\Users\Sanity\Documents\GitHub\sbs3\backend\controllers\UserController.php on line 71
[03-May-2025 17:28:21 UTC] PHP Warning:  Undefined property: UserController::$conn in C:\Users\Sanity\Documents\GitHub\sbs3\backend\controllers\UserController.php on line 71
[03-May-2025 17:28:21 UTC] PHP Stack trace:
[03-May-2025 17:28:21 UTC] PHP   1. {main}() C:\Users\Sanity\Documents\GitHub\sbs3\backend\api.php:0
[03-May-2025 17:28:21 UTC] PHP   2. UserController->handleRequest() C:\Users\Sanity\Documents\GitHub\sbs3\backend\api.php:75
[03-May-2025 17:28:21 UTC] PHP   3. UserController->handlePost() C:\Users\Sanity\Documents\GitHub\sbs3\backend\controllers\UserController.php:22
[03-May-2025 17:28:21 UTC] PHP Fatal error:  Uncaught Error: Call to a member function prepare() on null in C:\Users\Sanity\Documents\GitHub\sbs3\backend\controllers\UserController.php:71
Stack trace:
#0 C:\Users\Sanity\Documents\GitHub\sbs3\backend\controllers\UserController.php(22): UserController->handlePost()
#1 C:\Users\Sanity\Documents\GitHub\sbs3\backend\api.php(75): UserController->handleRequest()
#2 {main}
  thrown in C:\Users\Sanity\Documents\GitHub\sbs3\backend\controllers\UserController.php on line 71
[03-May-2025 17:28:32 UTC] PHP Warning:  Undefined property: UserController::$conn in C:\Users\Sanity\Documents\GitHub\sbs3\backend\controllers\UserController.php on line 71
[03-May-2025 17:28:32 UTC] PHP Stack trace:
[03-May-2025 17:28:32 UTC] PHP   1. {main}() C:\Users\Sanity\Documents\GitHub\sbs3\backend\api.php:0
[03-May-2025 17:28:32 UTC] PHP   2. UserController->handleRequest() C:\Users\Sanity\Documents\GitHub\sbs3\backend\api.php:75
[03-May-2025 17:28:32 UTC] PHP   3. UserController->handlePost() C:\Users\Sanity\Documents\GitHub\sbs3\backend\controllers\UserController.php:22
[03-May-2025 17:28:32 UTC] PHP Fatal error:  Uncaught Error: Call to a member function prepare() on null in C:\Users\Sanity\Documents\GitHub\sbs3\backend\controllers\UserController.php:71
Stack trace:
#0 C:\Users\Sanity\Documents\GitHub\sbs3\backend\controllers\UserController.php(22): UserController->handlePost()
#1 C:\Users\Sanity\Documents\GitHub\sbs3\backend\api.php(75): UserController->handleRequest()
#2 {main}
  thrown in C:\Users\Sanity\Documents\GitHub\sbs3\backend\controllers\UserController.php on line 71
[03-May-2025 17:29:47 UTC] [ERROR] Duplicate entry 'aa@a.com' for key 'users.email'
[03-May-2025 17:29:47 UTC] [ERROR] Failed to create user
[03-May-2025 17:32:41 UTC] [ERROR] Duplicate entry 'aa@a.com' for key 'users.email'
[03-May-2025 17:32:41 UTC] [ERROR] Failed to create user
[03-May-2025 17:33:43 UTC] [ERROR] Duplicate entry 'aa@a.com' for key 'users.email'
[03-May-2025 17:33:43 UTC] [ERROR] Failed to create user
[03-May-2025 17:33:52 UTC] [ERROR] Duplicate entry 'aa@a.com' for key 'users.email'
[03-May-2025 17:33:52 UTC] [ERROR] Failed to create user
[03-May-2025 17:34:32 UTC] [ERROR] Duplicate entry 'aa@a.com' for key 'users.email'
[03-May-2025 17:34:32 UTC] [ERROR] Failed to create user
[03-May-2025 17:34:41 UTC] [ERROR] Duplicate entry 'aa@a.com' for key 'users.email'
[03-May-2025 17:34:41 UTC] [ERROR] Failed to create user
[03-May-2025 17:34:47 UTC] [ERROR] Duplicate entry 'aa@a.com' for key 'users.email'
[03-May-2025 17:34:47 UTC] [ERROR] Failed to create user
[03-May-2025 17:35:00 UTC] [ERROR] Duplicate entry 'aa@a.com' for key 'users.email'
[03-May-2025 17:35:00 UTC] [ERROR] Failed to create user
[03-May-2025 17:35:44 UTC] [ERROR] Duplicate entry 'aa@a.com' for key 'users.email'
[03-May-2025 17:35:44 UTC] [ERROR] Duplicate entry 'aa@a.com' for key 'users.email'
[03-May-2025 17:44:54 UTC] [ERROR] Duplicate entry 'aa@a.com' for key 'users.email'
[03-May-2025 17:44:54 UTC] [ERROR] Duplicate entry 'aa@a.com' for key 'users.email'
[03-May-2025 17:53:33 UTC] [ERROR] Duplicate entry 'test_1746294813773@example.com' for key 'users.email'
[03-May-2025 17:53:33 UTC] [ERROR] Duplicate entry 'test_1746294813773@example.com' for key 'users.email'
[03-May-2025 17:55:44 UTC] PHP Fatal error:  Uncaught ArgumentCountError: password_hash() expects at least 2 arguments, 1 given in C:\Users\Sanity\Documents\GitHub\sbs3\backend\models\UserModel.php:22
Stack trace:
#0 C:\Users\Sanity\Documents\GitHub\sbs3\backend\models\UserModel.php(22): password_hash(Object(SensitiveParameterValue))
#1 C:\Users\Sanity\Documents\GitHub\sbs3\backend\controllers\AuthController.php(32): UserModel->authenticate('admin@example.c...', '12b')
#2 C:\Users\Sanity\Documents\GitHub\sbs3\backend\controllers\AuthController.php(19): AuthController->login()
#3 C:\Users\Sanity\Documents\GitHub\sbs3\backend\api.php(75): AuthController->handleRequest()
#4 {main}
  thrown in C:\Users\Sanity\Documents\GitHub\sbs3\backend\models\UserModel.php on line 22
[11-May-2025 10:05:41 UTC] PHP Fatal error:  Uncaught Error: Class "mysqli" not found in /var/www/html/config/database.php:19
Stack trace:
#0 /var/www/html/api.php(25): require_once()
#1 {main}
  thrown in /var/www/html/config/database.php on line 19
[11-May-2025 10:05:41 UTC] PHP Fatal error:  Uncaught Error: Class "mysqli" not found in /var/www/html/config/database.php:19
Stack trace:
#0 /var/www/html/api.php(25): require_once()
#1 {main}
  thrown in /var/www/html/config/database.php on line 19
[11-May-2025 10:05:43 UTC] PHP Fatal error:  Uncaught Error: Class "mysqli" not found in /var/www/html/config/database.php:19
Stack trace:
#0 /var/www/html/api.php(25): require_once()
#1 {main}
  thrown in /var/www/html/config/database.php on line 19
[11-May-2025 10:05:43 UTC] PHP Fatal error:  Uncaught Error: Class "mysqli" not found in /var/www/html/config/database.php:19
Stack trace:
#0 /var/www/html/api.php(25): require_once()
#1 {main}
  thrown in /var/www/html/config/database.php on line 19
[11-May-2025 10:05:57 UTC] PHP Fatal error:  Uncaught Error: Class "mysqli" not found in /var/www/html/config/database.php:19
Stack trace:
#0 /var/www/html/api.php(25): require_once()
#1 {main}
  thrown in /var/www/html/config/database.php on line 19
[11-May-2025 10:05:57 UTC] PHP Fatal error:  Uncaught Error: Class "mysqli" not found in /var/www/html/config/database.php:19
Stack trace:
#0 /var/www/html/api.php(25): require_once()
#1 {main}
  thrown in /var/www/html/config/database.php on line 19
[11-May-2025 10:06:21 UTC] PHP Fatal error:  Uncaught Error: Class "mysqli" not found in /var/www/html/config/database.php:19
Stack trace:
#0 /var/www/html/api.php(25): require_once()
#1 {main}
  thrown in /var/www/html/config/database.php on line 19
[11-May-2025 10:06:21 UTC] PHP Fatal error:  Uncaught Error: Class "mysqli" not found in /var/www/html/config/database.php:19
Stack trace:
#0 /var/www/html/api.php(25): require_once()
#1 {main}
  thrown in /var/www/html/config/database.php on line 19
